0 verbose cli /usr/local/bin/node /usr/local/lib/node_modules/npm/bin/npm-cli.js
1 info using npm@10.9.8
2 info using node@v22.23.0
3 silly config load:file:/usr/local/lib/node_modules/npm/npmrc
4 silly config load:file:/home/runner/work/HomeOps/HomeOps/.npmrc
5 silly config load:file:/home/runner/.npmrc
6 silly config load:file:/usr/local/etc/npmrc
7 verbose title npm exec nswag run nswag.json
8 verbose argv "exec" "--yes" "--" "nswag" "run" "nswag.json"
9 verbose logfile logs-max:10 dir:/home/runner/work/HomeOps/HomeOps/.npm-cache/_logs/2026-07-02T20_44_28_042Z-
10 verbose logfile /home/runner/work/HomeOps/HomeOps/.npm-cache/_logs/2026-07-02T20_44_28_042Z-debug-0.log
11 silly logfile done cleaning log files
12 silly packumentCache heap:4345298944 maxSize:1086324736 maxEntrySize:543162368
13 http fetch GET 200 https://registry.npmjs.org/nswag 85ms (cache miss)
14 silly packumentCache heap:4345298944 maxSize:1086324736 maxEntrySize:543162368
15 silly packumentCache heap:4345298944 maxSize:1086324736 maxEntrySize:543162368
16 silly idealTree buildDeps
17 silly fetch manifest nswag@14.7.1
18 silly packumentCache full:https://registry.npmjs.org/nswag cache-miss
19 http fetch GET 200 https://registry.npmjs.org/nswag 126ms (cache miss)
20 silly packumentCache full:https://registry.npmjs.org/nswag set size:undefined disposed:false
21 silly placeDep ROOT nswag@14.7.1 OK for:  want: 14.7.1
22 silly reify moves {}
23 silly audit bulk request { nswag: [ '14.7.1' ] }
24 http cache nswag@https://registry.npmjs.org/nswag/-/nswag-14.7.1.tgz 0ms (cache hit)
25 silly tarball no local data for nswag@https://registry.npmjs.org/nswag/-/nswag-14.7.1.tgz. Extracting by manifest.
26 http fetch POST 200 https://registry.npmjs.org/-/npm/v1/security/advisories/bulk 91ms
27 silly audit report {}
28 http fetch GET 200 https://registry.npmjs.org/nswag/-/nswag-14.7.1.tgz 512ms (cache miss)
29 verbose cwd /home/runner/work/HomeOps/HomeOps
30 verbose os Linux 6.17.0-1018-azure
31 verbose node v22.23.0
32 verbose npm  v10.9.8
33 verbose exit 0
34 info ok
